# JRE version: OpenJDK Runtime Environment (8.0_392-b08) (build 1.8.0_392-b08)
# Java VM: OpenJDK 64-Bit Server VM (25.392-b08 mixed mode linux-amd64 compressed oops)
Heap:
 PSYoungGen      total 148992K, used 36152K [0x000000071a500000, 0x0000000729980000, 0x00000007c0000000)
  eden space 128000K, 28% used [0x000000071a500000,0x000000071c84e1d0,0x0000000722200000)
  from space 20992K, 0% used [0x0000000722200000,0x0000000722200000,0x0000000723680000)
  to   space 20992K, 0% used [0x0000000728500000,0x0000000728500000,0x0000000729980000)
 ParOldGen       total 281600K, used 36351K [0x00000005cee00000, 0x00000005e0100000, 0x000000071a500000)
  object space 281600K, 12% used [0x00000005cee00000,0x00000005d117ffb0,0x00000005e0100000)
 Metaspace       used 39317K, capacity 44266K, committed 44416K, reserved 1085440K
  class space    used 6997K, capacity 8312K, committed 8320K, reserved 1048576K
GC Heap History (10 events):
Event: 1.034 GC heap before
{Heap before GC invocations=1 (full 0):
 PSYoungGen      total 148992K, used 128000K [0x000000071a500000, 0x0000000724b00000, 0x00000007c0000000)
  eden space 128000K, 100% used [0x000000071a500000,0x0000000722200000,0x0000000722200000)
  from space 20992K, 0% used [0x0000000723680000,0x0000000723680000,0x0000000724b00000)
  to   space 20992K, 0% used [0x0000000722200000,0x0000000722200000,0x0000000723680000)
 ParOldGen       total 339968K, used 0K [0x00000005cee00000, 0x00000005e3a00000, 0x000000071a500000)
  object space 339968K, 0% used [0x00000005cee00000,0x00000005cee00000,0x00000005e3a00000)
 Metaspace       used 18384K, capacity 19676K, committed 19968K, reserved 1067008K
  class space    used 2887K, capacity 3288K, committed 3328K, reserved 1048576K
Event: 1.041 GC heap after
Heap after GC invocations=1 (full 0):
 PSYoungGen      total 148992K, used 19276K [0x000000071a500000, 0x0000000724b00000, 0x00000007c0000000)
  eden space 128000K, 0% used [0x000000071a500000,0x000000071a500000,0x0000000722200000)
  from space 20992K, 91% used [0x0000000722200000,0x00000007234d3290,0x0000000723680000)
  to   space 20992K, 0% used [0x0000000723680000,0x0000000723680000,0x0000000724b00000)
 ParOldGen       total 339968K, used 43K [0x00000005cee00000, 0x00000005e3a00000, 0x000000071a500000)
  object space 339968K, 0% used [0x00000005cee00000,0x00000005cee0ac50,0x00000005e3a00000)
 Metaspace       used 18384K, capacity 19676K, committed 19968K, reserved 1067008K
  class space    used 2887K, capacity 3288K, committed 3328K, reserved 1048576K
}
Event: 1.140 GC heap before
{Heap before GC invocations=2 (full 0):
 PSYoungGen      total 148992K, used 61219K [0x000000071a500000, 0x0000000724b00000, 0x00000007c0000000)
  eden space 128000K, 32% used [0x000000071a500000,0x000000071cdf5d40,0x0000000722200000)
  from space 20992K, 91% used [0x0000000722200000,0x00000007234d3290,0x0000000723680000)
  to   space 20992K, 0% used [0x0000000723680000,0x0000000723680000,0x0000000724b00000)
 ParOldGen       total 339968K, used 43K [0x00000005cee00000, 0x00000005e3a00000, 0x000000071a500000)
  object space 339968K, 0% used [0x00000005cee00000,0x00000005cee0ac50,0x00000005e3a00000)
 Metaspace       used 19705K, capacity 21230K, committed 21296K, reserved 1067008K
  class space    used 3191K, capacity 3707K, committed 3712K, reserved 1048576K
Event: 1.145 GC heap after
Heap after GC invocations=2 (full 0):
 PSYoungGen      total 148992K, used 16004K [0x000000071a500000, 0x000000072c800000, 0x00000007c0000000)
  eden space 128000K, 0% used [0x000000071a500000,0x000000071a500000,0x0000000722200000)
  from space 20992K, 76% used [0x0000000723680000,0x0000000724621188,0x0000000724b00000)
  to   space 20992K, 0% used [0x0000000722200000,0x0000000722200000,0x0000000723680000)
 ParOldGen       total 339968K, used 51K [0x00000005cee00000, 0x00000005e3a00000, 0x000000071a500000)
  object space 339968K, 0% used [0x00000005cee00000,0x00000005cee0cc50,0x00000005e3a00000)
 Metaspace       used 19705K, capacity 21230K, committed 21296K, reserved 1067008K
  class space    used 3191K, capacity 3707K, committed 3712K, reserved 1048576K
}
Event: 1.145 GC heap before
{Heap before GC invocations=3 (full 1):
 PSYoungGen      total 148992K, used 16004K [0x000000071a500000, 0x000000072c800000, 0x00000007c0000000)
  eden space 128000K, 0% used [0x000000071a500000,0x000000071a500000,0x0000000722200000)
  from space 20992K, 76% used [0x0000000723680000,0x0000000724621188,0x0000000724b00000)
  to   space 20992K, 0% used [0x0000000722200000,0x0000000722200000,0x0000000723680000)
 ParOldGen       total 339968K, used 51K [0x00000005cee00000, 0x00000005e3a00000, 0x000000071a500000)
  object space 339968K, 0% used [0x00000005cee00000,0x00000005cee0cc50,0x00000005e3a00000)
 Metaspace       used 19705K, capacity 21230K, committed 21296K, reserved 1067008K
  class space    used 3191K, capacity 3707K, committed 3712K, reserved 1048576K
Event: 1.159 GC heap after
Heap after GC invocations=3 (full 1):
 PSYoungGen      total 148992K, used 0K [0x000000071a500000, 0x000000072c800000, 0x00000007c0000000)
  eden space 128000K, 0% used [0x000000071a500000,0x000000071a500000,0x0000000722200000)
  from space 20992K, 0% used [0x0000000723680000,0x0000000723680000,0x0000000724b00000)
  to   space 20992K, 0% used [0x0000000722200000,0x0000000722200000,0x0000000723680000)
 ParOldGen       total 183296K, used 15476K [0x00000005cee00000, 0x00000005da100000, 0x000000071a500000)
  object space 183296K, 8% used [0x00000005cee00000,0x00000005cfd1d2b0,0x00000005da100000)
 Metaspace       used 19705K, capacity 21230K, committed 21296K, reserved 1067008K
  class space    used 3191K, capacity 3707K, committed 3712K, reserved 1048576K
}
Event: 2.910 GC heap before
{Heap before GC invocations=4 (full 1):
 PSYoungGen      total 148992K, used 123430K [0x000000071a500000, 0x000000072c800000, 0x00000007c0000000)
  eden space 128000K, 96% used [0x000000071a500000,0x0000000721d89b60,0x0000000722200000)
  from space 20992K, 0% used [0x0000000723680000,0x0000000723680000,0x0000000724b00000)
  to   space 20992K, 0% used [0x0000000722200000,0x0000000722200000,0x0000000723680000)
 ParOldGen       total 183296K, used 15476K [0x00000005cee00000, 0x00000005da100000, 0x000000071a500000)
  object space 183296K, 8% used [0x00000005cee00000,0x00000005cfd1d2b0,0x00000005da100000)
 Metaspace       used 32015K, capacity 35412K, committed 35456K, reserved 1077248K
  class space    used 5948K, capacity 7019K, committed 7040K, reserved 1048576K
Event: 2.920 GC heap after
Heap after GC invocations=4 (full 1):
 PSYoungGen      total 148992K, used 20968K [0x000000071a500000, 0x0000000729980000, 0x00000007c0000000)
  eden space 128000K, 0% used [0x000000071a500000,0x000000071a500000,0x0000000722200000)
  from space 20992K, 99% used [0x0000000722200000,0x000000072367a320,0x0000000723680000)
  to   space 20992K, 0% used [0x0000000728500000,0x0000000728500000,0x0000000729980000)
 ParOldGen       total 183296K, used 20452K [0x00000005cee00000, 0x00000005da100000, 0x000000071a500000)
  object space 183296K, 11% used [0x00000005cee00000,0x00000005d01f91b8,0x00000005da100000)
 Metaspace       used 32015K, capacity 35412K, committed 35456K, reserved 1077248K
  class space    used 5948K, capacity 7019K, committed 7040K, reserved 1048576K
}
Event: 2.920 GC heap before
{Heap before GC invocations=5 (full 2):
 PSYoungGen      total 148992K, used 20968K [0x000000071a500000, 0x0000000729980000, 0x00000007c0000000)
  eden space 128000K, 0% used [0x000000071a500000,0x000000071a500000,0x0000000722200000)
  from space 20992K, 99% used [0x0000000722200000,0x000000072367a320,0x0000000723680000)
  to   space 20992K, 0% used [0x0000000728500000,0x0000000728500000,0x0000000729980000)
 ParOldGen       total 183296K, used 20452K [0x00000005cee00000, 0x00000005da100000, 0x000000071a500000)
  object space 183296K, 11% used [0x00000005cee00000,0x00000005d01f91b8,0x00000005da100000)
 Metaspace       used 32015K, capacity 35412K, committed 35456K, reserved 1077248K
  class space    used 5948K, capacity 7019K, committed 7040K, reserved 1048576K
Event: 2.955 GC heap after
Heap after GC invocations=5 (full 2):
 PSYoungGen      total 148992K, used 0K [0x000000071a500000, 0x0000000729980000, 0x00000007c0000000)
  eden space 128000K, 0% used [0x000000071a500000,0x000000071a500000,0x0000000722200000)
  from space 20992K, 0% used [0x0000000722200000,0x0000000722200000,0x0000000723680000)
  to   space 20992K, 0% used [0x0000000728500000,0x0000000728500000,0x0000000729980000)
 ParOldGen       total 281600K, used 36351K [0x00000005cee00000, 0x00000005e0100000, 0x000000071a500000)
  object space 281600K, 12% used [0x00000005cee00000,0x00000005d117ffb0,0x00000005e0100000)
 Metaspace       used 32005K, capacity 35394K, committed 35456K, reserved 1077248K
  class space    used 5946K, capacity 7016K, committed 7040K, reserved 1048576K
}

