# JRE version: OpenJDK Runtime Environment (8.0_392-b08) (build 1.8.0_392-b08)
# Java VM: OpenJDK 64-Bit Server VM (25.392-b08 mixed mode linux-amd64 compressed oops)
Heap:
 PSYoungGen      total 224256K, used 172490K [0x000000071a500000, 0x0000000729600000, 0x00000007c0000000)
  eden space 203264K, 74% used [0x000000071a500000,0x00000007238f5d80,0x0000000726b80000)
  from space 20992K, 99% used [0x0000000728180000,0x00000007295fce78,0x0000000729600000)
  to   space 20992K, 0% used [0x0000000726d00000,0x0000000726d00000,0x0000000728180000)
 ParOldGen       total 266240K, used 35491K [0x00000005cee00000, 0x00000005df200000, 0x000000071a500000)
  object space 266240K, 13% used [0x00000005cee00000,0x00000005d10a8c90,0x00000005df200000)
 Metaspace       used 47970K, capacity 53616K, committed 53936K, reserved 1093632K
  class space    used 8993K, capacity 10583K, committed 10672K, reserved 1048576K
GC Heap History (10 events):
Event: 0.791 GC heap before
{Heap before GC invocations=2 (full 0):
 PSYoungGen      total 148992K, used 31531K [0x000000071a500000, 0x0000000724b00000, 0x00000007c0000000)
  eden space 128000K, 11% used [0x000000071a500000,0x000000071b2f3980,0x0000000722200000)
  from space 20992K, 82% used [0x0000000722200000,0x00000007232d74e0,0x0000000723680000)
  to   space 20992K, 0% used [0x0000000723680000,0x0000000723680000,0x0000000724b00000)
 ParOldGen       total 339968K, used 107K [0x00000005cee00000, 0x00000005e3a00000, 0x000000071a500000)
  object space 339968K, 0% used [0x00000005cee00000,0x00000005cee1ac60,0x00000005e3a00000)
 Metaspace       used 19702K, capacity 21192K, committed 21296K, reserved 1067008K
  class space    used 3181K, capacity 3619K, committed 3632K, reserved 1048576K
Event: 0.795 GC heap after
Heap after GC invocations=2 (full 0):
 PSYoungGen      total 148992K, used 10956K [0x000000071a500000, 0x000000072c800000, 0x00000007c0000000)
  eden space 128000K, 0% used [0x000000071a500000,0x000000071a500000,0x0000000722200000)
  from space 20992K, 52% used [0x0000000723680000,0x00000007241333c0,0x0000000724b00000)
  to   space 20992K, 0% used [0x0000000722200000,0x0000000722200000,0x0000000723680000)
 ParOldGen       total 339968K, used 115K [0x00000005cee00000, 0x00000005e3a00000, 0x000000071a500000)
  object space 339968K, 0% used [0x00000005cee00000,0x00000005cee1cc60,0x00000005e3a00000)
 Metaspace       used 19702K, capacity 21192K, committed 21296K, reserved 1067008K
  class space    used 3181K, capacity 3619K, committed 3632K, reserved 1048576K
}
Event: 0.795 GC heap before
{Heap before GC invocations=3 (full 1):
 PSYoungGen      total 148992K, used 10956K [0x000000071a500000, 0x000000072c800000, 0x00000007c0000000)
  eden space 128000K, 0% used [0x000000071a500000,0x000000071a500000,0x0000000722200000)
  from space 20992K, 52% used [0x0000000723680000,0x00000007241333c0,0x0000000724b00000)
  to   space 20992K, 0% used [0x0000000722200000,0x0000000722200000,0x0000000723680000)
 ParOldGen       total 339968K, used 115K [0x00000005cee00000, 0x00000005e3a00000, 0x000000071a500000)
  object space 339968K, 0% used [0x00000005cee00000,0x00000005cee1cc60,0x00000005e3a00000)
 Metaspace       used 19702K, capacity 21192K, committed 21296K, reserved 1067008K
  class space    used 3181K, capacity 3619K, committed 3632K, reserved 1048576K
Event: 0.809 GC heap after
Heap after GC invocations=3 (full 1):
 PSYoungGen      total 148992K, used 0K [0x000000071a500000, 0x000000072c800000, 0x00000007c0000000)
  eden space 128000K, 0% used [0x000000071a500000,0x000000071a500000,0x0000000722200000)
  from space 20992K, 0% used [0x0000000723680000,0x0000000723680000,0x0000000724b00000)
  to   space 20992K, 0% used [0x0000000722200000,0x0000000722200000,0x0000000723680000)
 ParOldGen       total 180736K, used 10698K [0x00000005cee00000, 0x00000005d9e80000, 0x000000071a500000)
  object space 180736K, 5% used [0x00000005cee00000,0x00000005cf8728b0,0x00000005d9e80000)
 Metaspace       used 19702K, capacity 21192K, committed 21296K, reserved 1067008K
  class space    used 3181K, capacity 3619K, committed 3632K, reserved 1048576K
}
Event: 1.899 GC heap before
{Heap before GC invocations=4 (full 1):
 PSYoungGen      total 148992K, used 110415K [0x000000071a500000, 0x000000072c800000, 0x00000007c0000000)
  eden space 128000K, 86% used [0x000000071a500000,0x00000007210d3f30,0x0000000722200000)
  from space 20992K, 0% used [0x0000000723680000,0x0000000723680000,0x0000000724b00000)
  to   space 20992K, 0% used [0x0000000722200000,0x0000000722200000,0x0000000723680000)
 ParOldGen       total 180736K, used 10698K [0x00000005cee00000, 0x00000005d9e80000, 0x000000071a500000)
  object space 180736K, 5% used [0x00000005cee00000,0x00000005cf8728b0,0x00000005d9e80000)
 Metaspace       used 32804K, capacity 35312K, committed 35496K, reserved 1077248K
  class space    used 6227K, capacity 7134K, committed 7216K, reserved 1048576K
Event: 1.904 GC heap after
Heap after GC invocations=4 (full 1):
 PSYoungGen      total 148992K, used 20960K [0x000000071a500000, 0x0000000729600000, 0x00000007c0000000)
  eden space 128000K, 0% used [0x000000071a500000,0x000000071a500000,0x0000000722200000)
  from space 20992K, 99% used [0x0000000722200000,0x00000007236782a0,0x0000000723680000)
  to   space 20992K, 0% used [0x0000000728180000,0x0000000728180000,0x0000000729600000)
 ParOldGen       total 180736K, used 11334K [0x00000005cee00000, 0x00000005d9e80000, 0x000000071a500000)
  object space 180736K, 6% used [0x00000005cee00000,0x00000005cf911818,0x00000005d9e80000)
 Metaspace       used 32804K, capacity 35312K, committed 35496K, reserved 1077248K
  class space    used 6227K, capacity 7134K, committed 7216K, reserved 1048576K
}
Event: 1.904 GC heap before
{Heap before GC invocations=5 (full 2):
 PSYoungGen      total 148992K, used 20960K [0x000000071a500000, 0x0000000729600000, 0x00000007c0000000)
  eden space 128000K, 0% used [0x000000071a500000,0x000000071a500000,0x0000000722200000)
  from space 20992K, 99% used [0x0000000722200000,0x00000007236782a0,0x0000000723680000)
  to   space 20992K, 0% used [0x0000000728180000,0x0000000728180000,0x0000000729600000)
 ParOldGen       total 180736K, used 11334K [0x00000005cee00000, 0x00000005d9e80000, 0x000000071a500000)
  object space 180736K, 6% used [0x00000005cee00000,0x00000005cf911818,0x00000005d9e80000)
 Metaspace       used 32804K, capacity 35312K, committed 35496K, reserved 1077248K
  class space    used 6227K, capacity 7134K, committed 7216K, reserved 1048576K
Event: 1.920 GC heap after
Heap after GC invocations=5 (full 2):
 PSYoungGen      total 148992K, used 0K [0x000000071a500000, 0x0000000729600000, 0x00000007c0000000)
  eden space 128000K, 0% used [0x000000071a500000,0x000000071a500000,0x0000000722200000)
  from space 20992K, 0% used [0x0000000722200000,0x0000000722200000,0x0000000723680000)
  to   space 20992K, 0% used [0x0000000728180000,0x0000000728180000,0x0000000729600000)
 ParOldGen       total 266240K, used 30573K [0x00000005cee00000, 0x00000005df200000, 0x000000071a500000)
  object space 266240K, 11% used [0x00000005cee00000,0x00000005d0bdb7d8,0x00000005df200000)
 Metaspace       used 32804K, capacity 35312K, committed 35496K, reserved 1077248K
  class space    used 6227K, capacity 7134K, committed 7216K, reserved 1048576K
}
Event: 2.236 GC heap before
{Heap before GC invocations=6 (full 2):
 PSYoungGen      total 148992K, used 127872K [0x000000071a500000, 0x0000000729600000, 0x00000007c0000000)
  eden space 128000K, 99% used [0x000000071a500000,0x00000007221e00c0,0x0000000722200000)
  from space 20992K, 0% used [0x0000000722200000,0x0000000722200000,0x0000000723680000)
  to   space 20992K, 0% used [0x0000000728180000,0x0000000728180000,0x0000000729600000)
 ParOldGen       total 266240K, used 32433K [0x00000005cee00000, 0x00000005df200000, 0x000000071a500000)
  object space 266240K, 12% used [0x00000005cee00000,0x00000005d0dac718,0x00000005df200000)
 Metaspace       used 38512K, capacity 41786K, committed 41904K, reserved 1083392K
  class space    used 7612K, capacity 8792K, committed 8880K, reserved 1048576K
Event: 2.241 GC heap after
Heap after GC invocations=6 (full 2):
 PSYoungGen      total 224256K, used 20979K [0x000000071a500000, 0x0000000729600000, 0x00000007c0000000)
  eden space 203264K, 0% used [0x000000071a500000,0x000000071a500000,0x0000000726b80000)
  from space 20992K, 99% used [0x0000000728180000,0x00000007295fce78,0x0000000729600000)
  to   space 20992K, 0% used [0x0000000726d00000,0x0000000726d00000,0x0000000728180000)
 ParOldGen       total 266240K, used 35491K [0x00000005cee00000, 0x00000005df200000, 0x000000071a500000)
  object space 266240K, 13% used [0x00000005cee00000,0x00000005d10a8c90,0x00000005df200000)
 Metaspace       used 38512K, capacity 41786K, committed 41904K, reserved 1083392K
  class space    used 7612K, capacity 8792K, committed 8880K, reserved 1048576K
}

