# JRE version: Java(TM) SE Runtime Environment Oracle GraalVM 17.0.7+8.1 (17.0.7+8) (build 17.0.7+8-LTS-jvmci-23.0-b12)
# Java VM: Java HotSpot(TM) 64-Bit Server VM Oracle GraalVM 17.0.7+8.1 (17.0.7+8-LTS-jvmci-23.0-b12, mixed mode, sharing, tiered, jvmci, jvmci compiler, compressed oops, compressed class ptrs, g1 gc, linux-amd64)
GC Precious Log:
 CPUs: 20 total, 20 available
 Memory: 31810M
 Large Page Support: Disabled
 NUMA Support: Disabled
 Compressed Oops: Enabled (Zero based)
 Heap Region Size: 4M
 Heap Min Capacity: 8M
 Heap Initial Capacity: 500M
 Heap Max Capacity: 7956M
 Pre-touch: Disabled
 Parallel Workers: 15
 Concurrent Workers: 4
 Concurrent Refinement Workers: 15
 Periodic GC: Disabled
Heap:
 garbage-first heap   total 192512K, used 107841K [0x000000060ec00000, 0x0000000800000000)
  region size 4096K, 18 young (73728K), 4 survivors (16384K)
 Metaspace       used 45778K, committed 46272K, reserved 1089536K
  class space    used 8433K, committed 8704K, reserved 1048576K
GC Heap History (20 events):
Event: 0.351 GC heap before
{Heap before GC invocations=0 (full 0):
 garbage-first heap   total 520192K, used 28512K [0x000000060ec00000, 0x0000000800000000)
  region size 4096K, 6 young (24576K), 0 survivors (0K)
 Metaspace       used 8318K, committed 8448K, reserved 1064960K
  class space    used 827K, committed 896K, reserved 1048576K
}
Event: 0.353 GC heap after
{Heap after GC invocations=1 (full 0):
 garbage-first heap   total 520192K, used 10017K [0x000000060ec00000, 0x0000000800000000)
  region size 4096K, 1 young (4096K), 1 survivors (4096K)
 Metaspace       used 8318K, committed 8448K, reserved 1064960K
  class space    used 827K, committed 896K, reserved 1048576K
}
Event: 0.506 GC heap before
{Heap before GC invocations=1 (full 0):
 garbage-first heap   total 520192K, used 30497K [0x000000060ec00000, 0x0000000800000000)
  region size 4096K, 6 young (24576K), 1 survivors (4096K)
 Metaspace       used 13961K, committed 14208K, reserved 1064960K
  class space    used 2198K, committed 2304K, reserved 1048576K
}
Event: 0.508 GC heap after
{Heap after GC invocations=2 (full 0):
 garbage-first heap   total 520192K, used 14276K [0x000000060ec00000, 0x0000000800000000)
  region size 4096K, 1 young (4096K), 1 survivors (4096K)
 Metaspace       used 13961K, committed 14208K, reserved 1064960K
  class space    used 2198K, committed 2304K, reserved 1048576K
}
Event: 0.692 GC heap before
{Heap before GC invocations=2 (full 0):
 garbage-first heap   total 520192K, used 59332K [0x000000060ec00000, 0x0000000800000000)
  region size 4096K, 12 young (49152K), 1 survivors (4096K)
 Metaspace       used 17383K, committed 17728K, reserved 1064960K
  class space    used 2772K, committed 2944K, reserved 1048576K
}
Event: 0.693 GC heap after
{Heap after GC invocations=3 (full 0):
 garbage-first heap   total 520192K, used 15566K [0x000000060ec00000, 0x0000000800000000)
  region size 4096K, 2 young (8192K), 2 survivors (8192K)
 Metaspace       used 17383K, committed 17728K, reserved 1064960K
  class space    used 2772K, committed 2944K, reserved 1048576K
}
Event: 1.302 GC heap before
{Heap before GC invocations=3 (full 0):
 garbage-first heap   total 520192K, used 77006K [0x000000060ec00000, 0x0000000800000000)
  region size 4096K, 16 young (65536K), 2 survivors (8192K)
 Metaspace       used 21200K, committed 21504K, reserved 1073152K
  class space    used 3487K, committed 3648K, reserved 1048576K
}
Event: 1.304 GC heap after
{Heap after GC invocations=4 (full 0):
 garbage-first heap   total 520192K, used 18785K [0x000000060ec00000, 0x0000000800000000)
  region size 4096K, 3 young (12288K), 3 survivors (12288K)
 Metaspace       used 21200K, committed 21504K, reserved 1073152K
  class space    used 3487K, committed 3648K, reserved 1048576K
}
Event: 1.736 GC heap before
{Heap before GC invocations=5 (full 0):
 garbage-first heap   total 110592K, used 72033K [0x000000060ec00000, 0x0000000800000000)
  region size 4096K, 17 young (69632K), 3 survivors (12288K)
 Metaspace       used 32827K, committed 33216K, reserved 1081344K
  class space    used 6570K, committed 6784K, reserved 1048576K
}
Event: 1.740 GC heap after
{Heap after GC invocations=6 (full 0):
 garbage-first heap   total 110592K, used 25984K [0x000000060ec00000, 0x0000000800000000)
  region size 4096K, 2 young (8192K), 2 survivors (8192K)
 Metaspace       used 32827K, committed 33216K, reserved 1081344K
  class space    used 6570K, committed 6784K, reserved 1048576K
}
Event: 1.752 GC heap before
{Heap before GC invocations=6 (full 0):
 garbage-first heap   total 110592K, used 30080K [0x000000060ec00000, 0x0000000800000000)
  region size 4096K, 4 young (16384K), 2 survivors (8192K)
 Metaspace       used 32843K, committed 33280K, reserved 1081344K
  class space    used 6570K, committed 6784K, reserved 1048576K
}
Event: 1.756 GC heap after
{Heap after GC invocations=7 (full 0):
 garbage-first heap   total 110592K, used 31613K [0x000000060ec00000, 0x0000000800000000)
  region size 4096K, 1 young (4096K), 1 survivors (4096K)
 Metaspace       used 32843K, committed 33280K, reserved 1081344K
  class space    used 6570K, committed 6784K, reserved 1048576K
}
Event: 2.098 GC heap before
{Heap before GC invocations=7 (full 0):
 garbage-first heap   total 110592K, used 80765K [0x000000060ec00000, 0x0000000800000000)
  region size 4096K, 11 young (45056K), 1 survivors (4096K)
 Metaspace       used 32879K, committed 33344K, reserved 1081344K
  class space    used 6570K, committed 6784K, reserved 1048576K
}
Event: 2.100 GC heap after
{Heap after GC invocations=8 (full 0):
 garbage-first heap   total 110592K, used 33960K [0x000000060ec00000, 0x0000000800000000)
  region size 4096K, 2 young (8192K), 2 survivors (8192K)
 Metaspace       used 32879K, committed 33344K, reserved 1081344K
  class space    used 6570K, committed 6784K, reserved 1048576K
}
Event: 2.140 GC heap before
{Heap before GC invocations=8 (full 0):
 garbage-first heap   total 110592K, used 66728K [0x000000060ec00000, 0x0000000800000000)
  region size 4096K, 12 young (49152K), 2 survivors (8192K)
 Metaspace       used 32884K, committed 33344K, reserved 1081344K
  class space    used 6570K, committed 6784K, reserved 1048576K
}
Event: 2.141 GC heap after
{Heap after GC invocations=9 (full 0):
 garbage-first heap   total 110592K, used 33160K [0x000000060ec00000, 0x0000000800000000)
  region size 4096K, 1 young (4096K), 1 survivors (4096K)
 Metaspace       used 32884K, committed 33344K, reserved 1081344K
  class space    used 6570K, committed 6784K, reserved 1048576K
}
Event: 2.522 GC heap before
{Heap before GC invocations=9 (full 0):
 garbage-first heap   total 110592K, used 74120K [0x000000060ec00000, 0x0000000800000000)
  region size 4096K, 10 young (40960K), 1 survivors (4096K)
 Metaspace       used 32965K, committed 33408K, reserved 1081344K
  class space    used 6577K, committed 6784K, reserved 1048576K
}
Event: 2.524 GC heap after
{Heap after GC invocations=10 (full 0):
 garbage-first heap   total 311296K, used 32221K [0x000000060ec00000, 0x0000000800000000)
  region size 4096K, 1 young (4096K), 1 survivors (4096K)
 Metaspace       used 32965K, committed 33408K, reserved 1081344K
  class space    used 6577K, committed 6784K, reserved 1048576K
}
Event: 3.455 GC heap before
{Heap before GC invocations=10 (full 0):
 garbage-first heap   total 311296K, used 93661K [0x000000060ec00000, 0x0000000800000000)
  region size 4096K, 18 young (73728K), 1 survivors (4096K)
 Metaspace       used 35665K, committed 36096K, reserved 1081344K
  class space    used 6929K, committed 7104K, reserved 1048576K
}
Event: 3.466 GC heap after
{Heap after GC invocations=11 (full 0):
 garbage-first heap   total 311296K, used 46401K [0x000000060ec00000, 0x0000000800000000)
  region size 4096K, 4 young (16384K), 4 survivors (16384K)
 Metaspace       used 35665K, committed 36096K, reserved 1081344K
  class space    used 6929K, committed 7104K, reserved 1048576K
}

