# JRE version: OpenJDK Runtime Environment (8.0_392-b08) (build 1.8.0_392-b08)
# Java VM: OpenJDK 64-Bit Server VM (25.392-b08 mixed mode linux-amd64 compressed oops)
Heap:
 PSYoungGen      total 148992K, used 48509K [0x000000071a500000, 0x0000000729900000, 0x00000007c0000000)
  eden space 128000K, 37% used [0x000000071a500000,0x000000071d45f7f8,0x0000000722200000)
  from space 20992K, 0% used [0x0000000722200000,0x0000000722200000,0x0000000723680000)
  to   space 20992K, 0% used [0x0000000728480000,0x0000000728480000,0x0000000729900000)
 ParOldGen       total 277504K, used 37309K [0x00000005cee00000, 0x00000005dfd00000, 0x000000071a500000)
  object space 277504K, 13% used [0x00000005cee00000,0x00000005d126f738,0x00000005dfd00000)
 Metaspace       used 42055K, capacity 47026K, committed 47232K, reserved 1087488K
  class space    used 7261K, capacity 8576K, committed 8576K, reserved 1048576K
GC Heap History (10 events):
Event: 1.662 GC heap before
{Heap before GC invocations=1 (full 0):
 PSYoungGen      total 148992K, used 128000K [0x000000071a500000, 0x0000000724b00000, 0x00000007c0000000)
  eden space 128000K, 100% used [0x000000071a500000,0x0000000722200000,0x0000000722200000)
  from space 20992K, 0% used [0x0000000723680000,0x0000000723680000,0x0000000724b00000)
  to   space 20992K, 0% used [0x0000000722200000,0x0000000722200000,0x0000000723680000)
 ParOldGen       total 339968K, used 0K [0x00000005cee00000, 0x00000005e3a00000, 0x000000071a500000)
  object space 339968K, 0% used [0x00000005cee00000,0x00000005cee00000,0x00000005e3a00000)
 Metaspace       used 18491K, capacity 19744K, committed 19968K, reserved 1067008K
  class space    used 2895K, capacity 3288K, committed 3328K, reserved 1048576K
Event: 1.672 GC heap after
Heap after GC invocations=1 (full 0):
 PSYoungGen      total 148992K, used 19609K [0x000000071a500000, 0x0000000724b00000, 0x00000007c0000000)
  eden space 128000K, 0% used [0x000000071a500000,0x000000071a500000,0x0000000722200000)
  from space 20992K, 93% used [0x0000000722200000,0x0000000723526588,0x0000000723680000)
  to   space 20992K, 0% used [0x0000000723680000,0x0000000723680000,0x0000000724b00000)
 ParOldGen       total 339968K, used 103K [0x00000005cee00000, 0x00000005e3a00000, 0x000000071a500000)
  object space 339968K, 0% used [0x00000005cee00000,0x00000005cee19c70,0x00000005e3a00000)
 Metaspace       used 18491K, capacity 19744K, committed 19968K, reserved 1067008K
  class space    used 2895K, capacity 3288K, committed 3328K, reserved 1048576K
}
Event: 1.803 GC heap before
{Heap before GC invocations=2 (full 0):
 PSYoungGen      total 148992K, used 53233K [0x000000071a500000, 0x0000000724b00000, 0x00000007c0000000)
  eden space 128000K, 26% used [0x000000071a500000,0x000000071c5d5e78,0x0000000722200000)
  from space 20992K, 93% used [0x0000000722200000,0x0000000723526588,0x0000000723680000)
  to   space 20992K, 0% used [0x0000000723680000,0x0000000723680000,0x0000000724b00000)
 ParOldGen       total 339968K, used 103K [0x00000005cee00000, 0x00000005e3a00000, 0x000000071a500000)
  object space 339968K, 0% used [0x00000005cee00000,0x00000005cee19c70,0x00000005e3a00000)
 Metaspace       used 19709K, capacity 21162K, committed 21296K, reserved 1067008K
  class space    used 3130K, capacity 3639K, committed 3712K, reserved 1048576K
Event: 1.811 GC heap after
Heap after GC invocations=2 (full 0):
 PSYoungGen      total 148992K, used 16744K [0x000000071a500000, 0x000000072c800000, 0x00000007c0000000)
  eden space 128000K, 0% used [0x000000071a500000,0x000000071a500000,0x0000000722200000)
  from space 20992K, 79% used [0x0000000723680000,0x00000007246da0b0,0x0000000724b00000)
  to   space 20992K, 0% used [0x0000000722200000,0x0000000722200000,0x0000000723680000)
 ParOldGen       total 339968K, used 111K [0x00000005cee00000, 0x00000005e3a00000, 0x000000071a500000)
  object space 339968K, 0% used [0x00000005cee00000,0x00000005cee1bc70,0x00000005e3a00000)
 Metaspace       used 19709K, capacity 21162K, committed 21296K, reserved 1067008K
  class space    used 3130K, capacity 3639K, committed 3712K, reserved 1048576K
}
Event: 1.811 GC heap before
{Heap before GC invocations=3 (full 1):
 PSYoungGen      total 148992K, used 16744K [0x000000071a500000, 0x000000072c800000, 0x00000007c0000000)
  eden space 128000K, 0% used [0x000000071a500000,0x000000071a500000,0x0000000722200000)
  from space 20992K, 79% used [0x0000000723680000,0x00000007246da0b0,0x0000000724b00000)
  to   space 20992K, 0% used [0x0000000722200000,0x0000000722200000,0x0000000723680000)
 ParOldGen       total 339968K, used 111K [0x00000005cee00000, 0x00000005e3a00000, 0x000000071a500000)
  object space 339968K, 0% used [0x00000005cee00000,0x00000005cee1bc70,0x00000005e3a00000)
 Metaspace       used 19709K, capacity 21162K, committed 21296K, reserved 1067008K
  class space    used 3130K, capacity 3639K, committed 3712K, reserved 1048576K
Event: 1.833 GC heap after
Heap after GC invocations=3 (full 1):
 PSYoungGen      total 148992K, used 0K [0x000000071a500000, 0x000000072c800000, 0x00000007c0000000)
  eden space 128000K, 0% used [0x000000071a500000,0x000000071a500000,0x0000000722200000)
  from space 20992K, 0% used [0x0000000723680000,0x0000000723680000,0x0000000724b00000)
  to   space 20992K, 0% used [0x0000000722200000,0x0000000722200000,0x0000000723680000)
 ParOldGen       total 183296K, used 16200K [0x00000005cee00000, 0x00000005da100000, 0x000000071a500000)
  object space 183296K, 8% used [0x00000005cee00000,0x00000005cfdd23e0,0x00000005da100000)
 Metaspace       used 19709K, capacity 21162K, committed 21296K, reserved 1067008K
  class space    used 3130K, capacity 3639K, committed 3712K, reserved 1048576K
}
Event: 4.741 GC heap before
{Heap before GC invocations=4 (full 1):
 PSYoungGen      total 148992K, used 114842K [0x000000071a500000, 0x000000072c800000, 0x00000007c0000000)
  eden space 128000K, 89% used [0x000000071a500000,0x0000000721526968,0x0000000722200000)
  from space 20992K, 0% used [0x0000000723680000,0x0000000723680000,0x0000000724b00000)
  to   space 20992K, 0% used [0x0000000722200000,0x0000000722200000,0x0000000723680000)
 ParOldGen       total 183296K, used 16200K [0x00000005cee00000, 0x00000005da100000, 0x000000071a500000)
  object space 183296K, 8% used [0x00000005cee00000,0x00000005cfdd23e0,0x00000005da100000)
 Metaspace       used 31962K, capacity 35380K, committed 35456K, reserved 1077248K
  class space    used 5933K, capacity 7027K, committed 7040K, reserved 1048576K
Event: 4.750 GC heap after
Heap after GC invocations=4 (full 1):
 PSYoungGen      total 148992K, used 20985K [0x000000071a500000, 0x0000000729900000, 0x00000007c0000000)
  eden space 128000K, 0% used [0x000000071a500000,0x000000071a500000,0x0000000722200000)
  from space 20992K, 99% used [0x0000000722200000,0x000000072367e708,0x0000000723680000)
  to   space 20992K, 0% used [0x0000000728480000,0x0000000728480000,0x0000000729900000)
 ParOldGen       total 183296K, used 21160K [0x00000005cee00000, 0x00000005da100000, 0x000000071a500000)
  object space 183296K, 11% used [0x00000005cee00000,0x00000005d02aa110,0x00000005da100000)
 Metaspace       used 31962K, capacity 35380K, committed 35456K, reserved 1077248K
  class space    used 5933K, capacity 7027K, committed 7040K, reserved 1048576K
}
Event: 4.750 GC heap before
{Heap before GC invocations=5 (full 2):
 PSYoungGen      total 148992K, used 20985K [0x000000071a500000, 0x0000000729900000, 0x00000007c0000000)
  eden space 128000K, 0% used [0x000000071a500000,0x000000071a500000,0x0000000722200000)
  from space 20992K, 99% used [0x0000000722200000,0x000000072367e708,0x0000000723680000)
  to   space 20992K, 0% used [0x0000000728480000,0x0000000728480000,0x0000000729900000)
 ParOldGen       total 183296K, used 21160K [0x00000005cee00000, 0x00000005da100000, 0x000000071a500000)
  object space 183296K, 11% used [0x00000005cee00000,0x00000005d02aa110,0x00000005da100000)
 Metaspace       used 31962K, capacity 35380K, committed 35456K, reserved 1077248K
  class space    used 5933K, capacity 7027K, committed 7040K, reserved 1048576K
Event: 4.795 GC heap after
Heap after GC invocations=5 (full 2):
 PSYoungGen      total 148992K, used 0K [0x000000071a500000, 0x0000000729900000, 0x00000007c0000000)
  eden space 128000K, 0% used [0x000000071a500000,0x000000071a500000,0x0000000722200000)
  from space 20992K, 0% used [0x0000000722200000,0x0000000722200000,0x0000000723680000)
  to   space 20992K, 0% used [0x0000000728480000,0x0000000728480000,0x0000000729900000)
 ParOldGen       total 277504K, used 37309K [0x00000005cee00000, 0x00000005dfd00000, 0x000000071a500000)
  object space 277504K, 13% used [0x00000005cee00000,0x00000005d126f738,0x00000005dfd00000)
 Metaspace       used 31933K, capacity 35324K, committed 35456K, reserved 1077248K
  class space    used 5925K, capacity 7013K, committed 7040K, reserved 1048576K
}

